1084

2 
2 
2 
2 
2 
2 
2 
2 
2 
2 
2 
2 
2 
4 
4 
4 
4 
4 
4 
4 
4 
4 
4 
4 
4 
4 
4 
4 
6 
6 
6 
6 
6 
6 
6 
6 
6 
6 
19 
19 
19 
19 
23 
23 
25 
25 
25 
25 
25 
25 
25 
25 
25 
25 
27 
27 
32 
32 
32 
33 
33 
33 
33 
33 
33 
33 
33 
33 
33 
34 
34 
35 
35 
35 
35 
35 
43 
43 
44 
44 
44 
44 
49 
49 
52 
52 
52 
52 
52 
52 
52 
52 
52 
52 
52 
54 
54 
54 
54 
67 
67 
67 
68 
68 
68 
74 
74 
74 
74 
74 
74 
74 
74 
74 
74 
77 
77 
77 
77 
77 
77 
79 
79 
84 
84 
84 
84 
84 
84 
84 
84 
84 
84 
84 
84 
84 
84 
84 
84 
86 
86 
86 
86 
86 
86 
86 
86 
86 
86 
86 
86 
86 
86 
90 
93 
93 
93 
93 
96 
96 
96 
98 
98 
98 
98 
98 
99 
99 
101 
101 
101 
101 
101 
104 
104 
104 
104 
104 
104 
104 
104 
104 
104 
104 
115 
115 
115 
115 
115 
117 
117 
117 
117 
117 
117 
117 
117 
129 
131 
131 
131 
131 
131 
131 
131 
131 
131 
131 
131 
131 
131 
131 
142 
142 
142 
142 
142 
142 
142 
142 
142 
142 
142 
142 
143 
143 
143 
145 
145 
145 
145 
145 
148 
150 
150 
150 
150 
150 
154 
154 
154 
154 
154 
154 
154 
154 
154 
154 
156 
156 
157 
157 
157 
157 
157 
157 
157 
157 
157 
157 
157 
172 
172 
172 
172 
172 
172 
172 
172 
173 
173 
173 
173 
190 
190 
190 
190 
201 
201 
201 
201 
206 
206 
206 
215 
215 
215 
215 
218 
218 
218 
218 
219 
219 
219 
219 
219 
222 
222 
222 
222 
225 
225 
225 
225 
225 
225 
225 
229 
229 
229 
229 
229 
233 
234 
234 
234 
234 
235 
235 
235 
235 
235 
235 
235 
239 
239 
239 
239 
239 
243 
243 
243 
243 
244 
244 
244 
244 
244 
250 
250 
250 
250 
250 
250 
250 
250 
250 
250 
250 
250 
254 
254 
254 
254 
270 
270 
272 
272 
272 
272 
272 
273 
273 
273 
273 
278 
278 
278 
278 
278 
280 
280 
280 
280 
280 
284 
284 
284 
284 
284 
284 
288 
288 
288 
288 
288 
308 
308 
308 
308 
309 
309 
309 
309 
309 
309 
309 
309 
309 
326 
326 
326 
326 
326 
326 
326 
326 
326 
328 
328 
328 
328 
328 
335 
335 
335 
335 
335 
335 
335 
335 
335 
335 
335 
335 
335 
335 
335 
335 
335 
335 
336 
336 
336 
336 
336 
336 
336 
336 
341 
344 
344 
344 
344 
344 
344 
344 
344 
346 
346 
346 
346 
346 
346 
346 
346 
346 
352 
352 
352 
352 
352 
352 
352 
352 
352 
352 
352 
352 
352 
352 
352 
352 
352 
352 
352 
360 
361 
364 
364 
364 
364 
367 
367 
367 
367 
367 
367 
370 
370 
370 
370 
377 
377 
377 
377 
377 
377 
378 
378 
378 
378 
380 
380 
380 
381 
381 
381 
381 
381 
381 
389 
389 
389 
389 
389 
389 
393 
393 
393 
393 
393 
393 
395 
395 
395 
395 
395 
395 
395 
395 
395 
395 
399 
399 
399 
399 
399 
399 
399 
403 
403 
403 
403 
403 
403 
403 
403 
403 
403 
403 
403 
413 
413 
413 
416 
416 
416 
416 
417 
417 
417 
417 
421 
421 
421 
421 
421 
421 
421 
421 
421 
428 
428 
428 
428 
428 
428 
436 
436 
436 
437 
439 
440 
440 
440 
440 
440 
440 
440 
440 
440 
440 
440 
440 
440 
440 
440 
440 
449 
449 
449 
449 
449 
449 
449 
454 
458 
458 
458 
458 
458 
458 
458 
459 
459 
459 
459 
459 
459 
459 
460 
460 
460 
460 
460 
460 
460 
462 
462 
462 
463 
463 
463 
463 
463 
463 
463 
467 
467 
467 
473 
473 
473 
473 
473 
473 
478 
478 
478 
478 
478 
478 
478 
478 
482 
482 
483 
483 
483 
483 
483 
483 
483 
484 
484 
484 
484 
484 
484 
486 
486 
486 
486 
486 
486 
486 
486 
486 
486 
486 
486 
490 
490 
490 
490 
490 
490 
490 
490 
490 
490 
490 
490 
500 
500 
500 
500 
500 
500 
506 
506 
506 
506 
506 
506 
506 
506 
506 
506 
506 
506 
506 
512 
512 
512 
512 
512 
519 
519 
519 
519 
519 
519 
519 
519 
519 
519 
519 
522 
522 
522 
546 
546 
546 
546 
546 
553 
553 
553 
557 
557 
557 
560 
560 
560 
560 
560 
564 
564 
564 
566 
566 
566 
566 
566 
566 
566 
571 
571 
571 
571 
571 
576 
576 
576 
576 
576 
576 
576 
576 
581 
581 
581 
591 
591 
591 
591 
591 
591 
591 
591 
592 
598 
598 
598 
598 
598 
598 
598 
602 
602 
605 
605 
605 
605 
605 
605 
611 
611 
611 
611 
611 
611 
611 
611 
612 
624 
624 
624 
624 
624 
624 
624 
624 
624 
624 
624 
624 
624 
624 
624 
624 
624 
634 
634 
634 
634 
634 
635 
635 
635 
635 
635 
635 
635 
635 
648 
648 
648 
648 
648 
652 
652 
652 
652 
652 
655 
655 
655 
655 
655 
655 
658 
658 
658 
658 
659 
659 
662 
662 
662 
662 
662 
662 
662 
662 
662 
662 
662 
662 
662 
662 
665 
665 
665 
666 
666 
666 
666 
671 
671 
673 
673 
673 
673 
673 
674 
674 
676 
676 
676 
676 
676 
676 
676 
676 
676 
676 
676 
676 
676 
676 
676 
676 
676 
678 
678 
678 
678 
678 
678 
678 
682 
682 
682 
682 
682 
682 
682 
686 
686 
686 
686 
686 
686 
686 
686 
692 
692 
692 
692 
694 
694 
694 
697 
697 
697 
697 
697 
697 
697 
697 
697 
697 
697 
697 
697 
701 
701 
701 
703 
703 
703 
706 
706 
706 
706 
706 
706 
707 
707 
707 
707 
707 
707 
707 
707 
707 
707 
707 
713 
713 
713 
713 
713 
713 
713 
717 
717 
717 
717 
717 
717 
718 
721 
721 
723 
723 
723 
723 
723 
723 
723 
729 
729 
729 
754 
754 
754 
754 
754 
754 
754 
754 
754 
754 
757 
757 
757 
757 
762 
762 
762 
762 
762 
762 
766 
766 
766 
766 
766 
770 
770 
770 
770 
770 
770 
770 
775 
775 
775 
775 
775 
775 
775 
775 
775 
775 
775 
775 
780 
780 
780 
780 
780 
780 
780 
780 
780 
788 
788 
788 
788 
788 
788 
788 
788 
792 
792 
792 
792 
792 
792 
792 
792 
792 
792 
792 
792 
792 
792 
792 
798 
798 
798 
798 
798 
798 
798 
798 
798 
798 
