Begin date/time is: Tue Mar 14 08:33:00 2017
        used time is 0 s 0 ms.
line num is :5251
Gen = 0,  Average Cost = 199287.725000, Average Fit = 63303.978556, Min Cost = 161237, Current MinCost = 161237, Current worstCost = 262380
Gen = 1,  Average Cost = 184339.425000, Average Fit = 47588.772804, Min Cost = 157736, Current MinCost = 157736, Current worstCost = 232058
Gen = 2,  Average Cost = 176641.375000, Average Fit = 35659.314579, Min Cost = 157736, Current MinCost = 161613, Current worstCost = 212014
Gen = 3,  Average Cost = 170322.800000, Average Fit = 22719.959196, Min Cost = 157723, Current MinCost = 157723, Current worstCost = 192734
Gen = 4,  Average Cost = 167328.750000, Average Fit = 11195.733161, Min Cost = 150292, Current MinCost = 150292, Current worstCost = 178677
Gen = 5,  Average Cost = 165392.100000, Average Fit = 16420.648288, Min Cost = 150292, Current MinCost = 151298, Current worstCost = 181967
Gen = 6,  Average Cost = 162971.800000, Average Fit = 12631.531215, Min Cost = 150292, Current MinCost = 151586, Current worstCost = 175678
Gen = 7,  Average Cost = 160332.887500, Average Fit = 10816.669293, Min Cost = 150292, Current MinCost = 150895, Current worstCost = 171160
Gen = 8,  Average Cost = 158812.187500, Average Fit = 9024.770642, Min Cost = 150292, Current MinCost = 150827, Current worstCost = 167803
Gen = 9,  Average Cost = 157698.937500, Average Fit = 12696.697915, Min Cost = 150292, Current MinCost = 150357, Current worstCost = 170337
Gen = 10,  Average Cost = 156863.537500, Average Fit = 12246.360574, Min Cost = 147561, Current MinCost = 147561, Current worstCost = 169134
Gen = 11,  Average Cost = 156237.212500, Average Fit = 12069.526318, Min Cost = 144120, Current MinCost = 144120, Current worstCost = 168449
Gen = 12,  Average Cost = 156698.150000, Average Fit = 10650.108631, Min Cost = 144120, Current MinCost = 144671, Current worstCost = 167484
Gen = 13,  Average Cost = 155654.450000, Average Fit = 10622.540722, Min Cost = 142625, Current MinCost = 142625, Current worstCost = 166469
Gen = 14,  Average Cost = 154507.300000, Average Fit = 10113.893943, Min Cost = 142625, Current MinCost = 143811, Current worstCost = 164778
Gen = 15,  Average Cost = 153706.750000, Average Fit = 10857.048218, Min Cost = 142625, Current MinCost = 143117, Current worstCost = 164715
Gen = 16,  Average Cost = 152397.650000, Average Fit = 12015.083166, Min Cost = 142463, Current MinCost = 142463, Current worstCost = 164477
Gen = 17,  Average Cost = 151884.462500, Average Fit = 10500.953744, Min Cost = 141135, Current MinCost = 141135, Current worstCost = 162450
Gen = 18,  Average Cost = 150716.087500, Average Fit = 13016.227654, Min Cost = 141135, Current MinCost = 141651, Current worstCost = 163771
Gen = 19,  Average Cost = 149812.050000, Average Fit = 12884.741221, Min Cost = 140219, Current MinCost = 140219, Current worstCost = 162719
Gen = 20,  Average Cost = 149417.312500, Average Fit = 9808.462369, Min Cost = 137761, Current MinCost = 137761, Current worstCost = 159266
Gen = 21,  Average Cost = 149329.600000, Average Fit = 10061.094494, Min Cost = 137710, Current MinCost = 137710, Current worstCost = 159500
Gen = 22,  Average Cost = 148559.750000, Average Fit = 12088.538656, Min Cost = 135680, Current MinCost = 135680, Current worstCost = 160799
Gen = 23,  Average Cost = 148482.662500, Average Fit = 14059.623062, Min Cost = 135109, Current MinCost = 135109, Current worstCost = 162668
Gen = 24,  Average Cost = 146224.837500, Average Fit = 12164.720029, Min Cost = 133593, Current MinCost = 133593, Current worstCost = 158449
Gen = 25,  Average Cost = 144663.662500, Average Fit = 13156.181743, Min Cost = 133593, Current MinCost = 134777, Current worstCost = 157834
Gen = 26,  Average Cost = 142943.787500, Average Fit = 12296.816523, Min Cost = 132685, Current MinCost = 132685, Current worstCost = 155247
Gen = 27,  Average Cost = 141337.125000, Average Fit = 10717.371885, Min Cost = 132063, Current MinCost = 132063, Current worstCost = 152104
Gen = 28,  Average Cost = 140918.900000, Average Fit = 7435.745470, Min Cost = 131553, Current MinCost = 131553, Current worstCost = 148377
Gen = 29,  Average Cost = 141127.087500, Average Fit = 13216.839783, Min Cost = 131553, Current MinCost = 133463, Current worstCost = 154366
Gen = 30,  Average Cost = 140726.112500, Average Fit = 13990.213656, Min Cost = 131553, Current MinCost = 133470, Current worstCost = 154641
Gen = 31,  Average Cost = 140375.525000, Average Fit = 10977.846833, Min Cost = 130469, Current MinCost = 130469, Current worstCost = 151369
Gen = 32,  Average Cost = 140388.750000, Average Fit = 16611.362087, Min Cost = 130469, Current MinCost = 131001, Current worstCost = 157006
Gen = 33,  Average Cost = 139331.012500, Average Fit = 10570.126283, Min Cost = 129213, Current MinCost = 129213, Current worstCost = 149858
Gen = 34,  Average Cost = 139118.050000, Average Fit = 8794.203370, Min Cost = 129213, Current MinCost = 129269, Current worstCost = 147850
Gen = 35,  Average Cost = 138362.112500, Average Fit = 9917.083754, Min Cost = 128641, Current MinCost = 128641, Current worstCost = 148388
Gen = 36,  Average Cost = 138491.800000, Average Fit = 10708.542735, Min Cost = 128641, Current MinCost = 128641, Current worstCost = 149317
Gen = 37,  Average Cost = 138607.562500, Average Fit = 10450.679491, Min Cost = 128641, Current MinCost = 129500, Current worstCost = 149167
Gen = 38,  Average Cost = 139074.850000, Average Fit = 12299.221907, Min Cost = 128641, Current MinCost = 129145, Current worstCost = 151506
Gen = 39,  Average Cost = 139302.287500, Average Fit = 9263.791784, Min Cost = 128641, Current MinCost = 129456, Current worstCost = 148683
Gen = 40,  Average Cost = 138784.550000, Average Fit = 9215.862500, Min Cost = 128641, Current MinCost = 130613, Current worstCost = 148095
Gen = 41,  Average Cost = 138007.712500, Average Fit = 12792.762495, Min Cost = 128641, Current MinCost = 130915, Current worstCost = 150859
Gen = 42,  Average Cost = 136841.862500, Average Fit = 12193.727822, Min Cost = 126673, Current MinCost = 126673, Current worstCost = 149082
Gen = 43,  Average Cost = 137126.850000, Average Fit = 10940.477870, Min Cost = 126673, Current MinCost = 126673, Current worstCost = 148114
Gen = 44,  Average Cost = 136264.450000, Average Fit = 10281.059062, Min Cost = 126638, Current MinCost = 126638, Current worstCost = 146590
Gen = 45,  Average Cost = 135886.650000, Average Fit = 7905.153702, Min Cost = 126638, Current MinCost = 129566, Current worstCost = 143783
Gen = 46,  Average Cost = 135572.750000, Average Fit = 9932.349486, Min Cost = 126638, Current MinCost = 127392, Current worstCost = 145523
Gen = 47,  Average Cost = 134627.587500, Average Fit = 13360.885906, Min Cost = 126638, Current MinCost = 127477, Current worstCost = 147968
Gen = 48,  Average Cost = 134122.612500, Average Fit = 7902.078194, Min Cost = 126300, Current MinCost = 126300, Current worstCost = 141983
Gen = 49,  Average Cost = 133215.562500, Average Fit = 8615.027545, Min Cost = 125416, Current MinCost = 125416, Current worstCost = 141793
Gen = 50,  Average Cost = 132770.750000, Average Fit = 8012.816589, Min Cost = 124965, Current MinCost = 124965, Current worstCost = 140852
Gen = 51,  Average Cost = 132585.387500, Average Fit = 9430.444738, Min Cost = 124965, Current MinCost = 125581, Current worstCost = 142078
Gen = 52,  Average Cost = 131462.962500, Average Fit = 8225.086511, Min Cost = 124016, Current MinCost = 124016, Current worstCost = 139714
Gen = 53,  Average Cost = 131050.987500, Average Fit = 10350.310178, Min Cost = 122175, Current MinCost = 122175, Current worstCost = 141517
Gen = 54,  Average Cost = 130813.975000, Average Fit = 9467.495655, Min Cost = 122159, Current MinCost = 122159, Current worstCost = 140350
Gen = 55,  Average Cost = 130737.912500, Average Fit = 8749.966115, Min Cost = 121495, Current MinCost = 121495, Current worstCost = 139624
Gen = 56,  Average Cost = 130334.350000, Average Fit = 11134.688207, Min Cost = 121495, Current MinCost = 122550, Current worstCost = 141592
Gen = 57,  Average Cost = 129313.262500, Average Fit = 11079.949814, Min Cost = 121495, Current MinCost = 121531, Current worstCost = 140503
Gen = 58,  Average Cost = 128132.450000, Average Fit = 10303.553846, Min Cost = 121143, Current MinCost = 121143, Current worstCost = 138536
Gen = 59,  Average Cost = 127406.737500, Average Fit = 12384.171082, Min Cost = 119138, Current MinCost = 119138, Current worstCost = 139923
Gen = 60,  Average Cost = 127572.362500, Average Fit = 9636.069963, Min Cost = 119138, Current MinCost = 119302, Current worstCost = 137339
Gen = 61,  Average Cost = 127162.062500, Average Fit = 8588.699084, Min Cost = 118148, Current MinCost = 118148, Current worstCost = 135796
Gen = 62,  Average Cost = 127696.975000, Average Fit = 10876.379309, Min Cost = 117777, Current MinCost = 117777, Current worstCost = 138654
Gen = 63,  Average Cost = 127210.987500, Average Fit = 13676.296400, Min Cost = 117745, Current MinCost = 117745, Current worstCost = 140980
Gen = 64,  Average Cost = 126126.500000, Average Fit = 9473.987781, Min Cost = 117745, Current MinCost = 118235, Current worstCost = 135649
Gen = 65,  Average Cost = 126104.775000, Average Fit = 10813.958861, Min Cost = 115614, Current MinCost = 115614, Current worstCost = 137069
Gen = 66,  Average Cost = 126409.100000, Average Fit = 12135.620650, Min Cost = 115614, Current MinCost = 117657, Current worstCost = 138682
Gen = 67,  Average Cost = 125216.437500, Average Fit = 9633.850679, Min Cost = 115614, Current MinCost = 116729, Current worstCost = 134962
Gen = 68,  Average Cost = 125444.975000, Average Fit = 9903.203089, Min Cost = 115614, Current MinCost = 117443, Current worstCost = 135458
Gen = 69,  Average Cost = 124964.775000, Average Fit = 9447.071693, Min Cost = 115614, Current MinCost = 117035, Current worstCost = 134513
Gen = 70,  Average Cost = 124894.762500, Average Fit = 8399.956901, Min Cost = 115614, Current MinCost = 117035, Current worstCost = 133389
Gen = 71,  Average Cost = 124661.575000, Average Fit = 12972.490473, Min Cost = 114454, Current MinCost = 114454, Current worstCost = 137810
Gen = 72,  Average Cost = 124947.112500, Average Fit = 12534.158837, Min Cost = 114454, Current MinCost = 115427, Current worstCost = 137650
Gen = 73,  Average Cost = 124764.637500, Average Fit = 12792.455328, Min Cost = 114454, Current MinCost = 115915, Current worstCost = 137709
Gen = 74,  Average Cost = 124330.737500, Average Fit = 10268.750877, Min Cost = 113925, Current MinCost = 113925, Current worstCost = 134660
Gen = 75,  Average Cost = 123982.937500, Average Fit = 9331.071300, Min Cost = 113925, Current MinCost = 114986, Current worstCost = 133351
Gen = 76,  Average Cost = 123960.400000, Average Fit = 8559.857508, Min Cost = 110262, Current MinCost = 110262, Current worstCost = 132622
Gen = 77,  Average Cost = 124091.237500, Average Fit = 9973.023417, Min Cost = 110262, Current MinCost = 111026, Current worstCost = 134183
Gen = 78,  Average Cost = 124106.675000, Average Fit = 11418.066113, Min Cost = 110262, Current MinCost = 112368, Current worstCost = 135649
Gen = 79,  Average Cost = 124632.675000, Average Fit = 9547.161820, Min Cost = 110262, Current MinCost = 110262, Current worstCost = 134306
Gen = 80,  Average Cost = 124149.487500, Average Fit = 11838.011905, Min Cost = 110262, Current MinCost = 112789, Current worstCost = 136112
Gen = 81,  Average Cost = 123774.712500, Average Fit = 9153.547109, Min Cost = 110262, Current MinCost = 111804, Current worstCost = 133028
Gen = 82,  Average Cost = 122195.587500, Average Fit = 13063.170604, Min Cost = 110262, Current MinCost = 111427, Current worstCost = 135358
Gen = 83,  Average Cost = 122349.312500, Average Fit = 11434.288994, Min Cost = 110262, Current MinCost = 112425, Current worstCost = 133868
Gen = 84,  Average Cost = 122960.962500, Average Fit = 9741.754045, Min Cost = 110262, Current MinCost = 110741, Current worstCost = 132800
Gen = 85,  Average Cost = 122842.612500, Average Fit = 12457.473270, Min Cost = 110262, Current MinCost = 112425, Current worstCost = 135401
Gen = 86,  Average Cost = 122854.237500, Average Fit = 10630.118576, Min Cost = 110262, Current MinCost = 113931, Current worstCost = 133560
Gen = 87,  Average Cost = 123102.537500, Average Fit = 8944.439060, Min Cost = 110262, Current MinCost = 113829, Current worstCost = 132119
Gen = 88,  Average Cost = 122456.487500, Average Fit = 9689.886327, Min Cost = 110262, Current MinCost = 113937, Current worstCost = 132208
Gen = 89,  Average Cost = 121574.137500, Average Fit = 10645.776711, Min Cost = 110262, Current MinCost = 111667, Current worstCost = 132290
Gen = 90,  Average Cost = 120534.750000, Average Fit = 12785.366561, Min Cost = 110262, Current MinCost = 110946, Current worstCost = 133381
Gen = 91,  Average Cost = 120504.900000, Average Fit = 10967.295905, Min Cost = 110262, Current MinCost = 114191, Current worstCost = 131449
Gen = 92,  Average Cost = 120282.625000, Average Fit = 13103.872405, Min Cost = 110262, Current MinCost = 112215, Current worstCost = 133416
Gen = 93,  Average Cost = 120789.387500, Average Fit = 9908.427013, Min Cost = 110262, Current MinCost = 110262, Current worstCost = 130758
Gen = 94,  Average Cost = 120090.937500, Average Fit = 9108.569179, Min Cost = 110262, Current MinCost = 110361, Current worstCost = 129238
Gen = 95,  Average Cost = 119204.850000, Average Fit = 10802.266581, Min Cost = 109934, Current MinCost = 109934, Current worstCost = 130095
Gen = 96,  Average Cost = 118484.687500, Average Fit = 9732.487643, Min Cost = 109934, Current MinCost = 110572, Current worstCost = 128275
Gen = 97,  Average Cost = 118286.687500, Average Fit = 7056.839408, Min Cost = 109434, Current MinCost = 109434, Current worstCost = 125406
Gen = 98,  Average Cost = 118876.275000, Average Fit = 8748.599049, Min Cost = 109434, Current MinCost = 110066, Current worstCost = 127710
Gen = 99,  Average Cost = 119118.387500, Average Fit = 9734.932315, Min Cost = 109434, Current MinCost = 110099, Current worstCost = 128950
Gen = 100,  Average Cost = 117736.712500, Average Fit = 7103.915865, Min Cost = 109434, Current MinCost = 110064, Current worstCost = 124889
Gen = 101,  Average Cost = 116934.137500, Average Fit = 9706.448282, Min Cost = 107453, Current MinCost = 107453, Current worstCost = 126773
Gen = 102,  Average Cost = 117463.125000, Average Fit = 12902.452957, Min Cost = 106706, Current MinCost = 106706, Current worstCost = 130510
Gen = 103,  Average Cost = 117741.612500, Average Fit = 8964.894713, Min Cost = 106706, Current MinCost = 106706, Current worstCost = 126829
Gen = 104,  Average Cost = 117378.575000, Average Fit = 9132.077598, Min Cost = 106706, Current MinCost = 106706, Current worstCost = 126628
Gen = 105,  Average Cost = 117604.512500, Average Fit = 7861.527962, Min Cost = 106706, Current MinCost = 108768, Current worstCost = 125562
Gen = 106,  Average Cost = 117148.287500, Average Fit = 9467.312819, Min Cost = 106706, Current MinCost = 108697, Current worstCost = 126714
Gen = 107,  Average Cost = 116292.062500, Average Fit = 10243.251041, Min Cost = 106706, Current MinCost = 108834, Current worstCost = 126612
Gen = 108,  Average Cost = 115891.937500, Average Fit = 7381.018136, Min Cost = 106706, Current MinCost = 108837, Current worstCost = 123329
Gen = 109,  Average Cost = 116093.512500, Average Fit = 9161.835487, Min Cost = 106706, Current MinCost = 108729, Current worstCost = 125326
Gen = 110,  Average Cost = 116234.787500, Average Fit = 7368.448770, Min Cost = 106706, Current MinCost = 107045, Current worstCost = 123679
Gen = 111,  Average Cost = 116177.950000, Average Fit = 8944.174727, Min Cost = 106538, Current MinCost = 106538, Current worstCost = 125234
Gen = 112,  Average Cost = 115327.637500, Average Fit = 13045.423187, Min Cost = 106538, Current MinCost = 107159, Current worstCost = 128466
Gen = 113,  Average Cost = 114911.062500, Average Fit = 8920.554729, Min Cost = 106538, Current MinCost = 107125, Current worstCost = 123910
Gen = 114,  Average Cost = 115072.275000, Average Fit = 8306.281226, Min Cost = 106538, Current MinCost = 107045, Current worstCost = 123458
Gen = 115,  Average Cost = 114206.125000, Average Fit = 11638.111600, Min Cost = 106538, Current MinCost = 107324, Current worstCost = 125894
Gen = 116,  Average Cost = 113613.737500, Average Fit = 8931.115613, Min Cost = 106538, Current MinCost = 107368, Current worstCost = 122585
Gen = 117,  Average Cost = 113677.687500, Average Fit = 6406.280045, Min Cost = 106538, Current MinCost = 107368, Current worstCost = 120117
Gen = 118,  Average Cost = 114024.350000, Average Fit = 9760.133902, Min Cost = 106538, Current MinCost = 107468, Current worstCost = 123835
Gen = 119,  Average Cost = 113914.100000, Average Fit = 8184.275855, Min Cost = 106538, Current MinCost = 107579, Current worstCost = 122143
Gen = 120,  Average Cost = 114207.687500, Average Fit = 10097.532918, Min Cost = 106538, Current MinCost = 108683, Current worstCost = 124329
Gen = 121,  Average Cost = 114223.062500, Average Fit = 8699.904400, Min Cost = 106538, Current MinCost = 108263, Current worstCost = 122966
Gen = 122,  Average Cost = 114544.525000, Average Fit = 6744.474847, Min Cost = 106538, Current MinCost = 108741, Current worstCost = 121330
Gen = 123,  Average Cost = 115410.087500, Average Fit = 7270.747113, Min Cost = 106538, Current MinCost = 107592, Current worstCost = 122755
Gen = 124,  Average Cost = 115674.337500, Average Fit = 9358.251190, Min Cost = 106538, Current MinCost = 106538, Current worstCost = 125137
Gen = 125,  Average Cost = 116248.500000, Average Fit = 10146.209902, Min Cost = 106538, Current MinCost = 106642, Current worstCost = 126516
Gen = 126,  Average Cost = 116550.137500, Average Fit = 8159.060427, Min Cost = 106538, Current MinCost = 109000, Current worstCost = 124802
Gen = 127,  Average Cost = 116527.150000, Average Fit = 8309.872247, Min Cost = 106538, Current MinCost = 107547, Current worstCost = 124943
Gen = 128,  Average Cost = 116644.350000, Average Fit = 11442.690381, Min Cost = 106538, Current MinCost = 107343, Current worstCost = 128216
Gen = 129,  Average Cost = 116596.512500, Average Fit = 9152.548004, Min Cost = 106538, Current MinCost = 107439, Current worstCost = 125864
Gen = 130,  Average Cost = 116758.862500, Average Fit = 8508.346321, Min Cost = 106538, Current MinCost = 107880, Current worstCost = 125377
Gen = 131,  Average Cost = 117189.200000, Average Fit = 7903.626334, Min Cost = 106538, Current MinCost = 106774, Current worstCost = 125212
Gen = 132,  Average Cost = 116003.800000, Average Fit = 7738.523375, Min Cost = 106538, Current MinCost = 106774, Current worstCost = 123838
Gen = 133,  Average Cost = 115872.475000, Average Fit = 12353.651908, Min Cost = 106538, Current MinCost = 110764, Current worstCost = 128212
Gen = 134,  Average Cost = 115195.237500, Average Fit = 7658.048079, Min Cost = 106444, Current MinCost = 106444, Current worstCost = 122936
Gen = 135,  Average Cost = 115205.325000, Average Fit = 9548.511073, Min Cost = 106444, Current MinCost = 106538, Current worstCost = 124850
Gen = 136,  Average Cost = 115727.037500, Average Fit = 10519.762216, Min Cost = 106444, Current MinCost = 107056, Current worstCost = 126354
Gen = 137,  Average Cost = 115517.025000, Average Fit = 8042.213668, Min Cost = 106444, Current MinCost = 109613, Current worstCost = 123619
Gen = 138,  Average Cost = 115559.887500, Average Fit = 13310.480385, Min Cost = 106444, Current MinCost = 106546, Current worstCost = 128984
Gen = 139,  Average Cost = 116123.062500, Average Fit = 8358.318075, Min Cost = 106444, Current MinCost = 107377, Current worstCost = 124582
Gen = 140,  Average Cost = 115492.237500, Average Fit = 9746.809506, Min Cost = 106425, Current MinCost = 106425, Current worstCost = 125367
Gen = 141,  Average Cost = 114461.012500, Average Fit = 9936.985572, Min Cost = 103415, Current MinCost = 103415, Current worstCost = 124505
Gen = 142,  Average Cost = 114515.900000, Average Fit = 12182.678915, Min Cost = 103415, Current MinCost = 103415, Current worstCost = 126823
Gen = 143,  Average Cost = 114754.662500, Average Fit = 11558.285155, Min Cost = 103415, Current MinCost = 104772, Current worstCost = 126425
Gen = 144,  Average Cost = 114779.912500, Average Fit = 10191.785846, Min Cost = 103415, Current MinCost = 104489, Current worstCost = 125079
Gen = 145,  Average Cost = 115546.437500, Average Fit = 8631.169906, Min Cost = 103415, Current MinCost = 105569, Current worstCost = 124279
Gen = 146,  Average Cost = 116166.775000, Average Fit = 10861.352097, Min Cost = 103415, Current MinCost = 106624, Current worstCost = 127150
Gen = 147,  Average Cost = 115926.450000, Average Fit = 9733.936016, Min Cost = 103415, Current MinCost = 103415, Current worstCost = 125793
Gen = 148,  Average Cost = 116001.662500, Average Fit = 13217.199105, Min Cost = 103415, Current MinCost = 108104, Current worstCost = 129313
Gen = 149,  Average Cost = 115581.275000, Average Fit = 9903.247596, Min Cost = 103415, Current MinCost = 106957, Current worstCost = 125584
Gen = 150,  Average Cost = 115218.387500, Average Fit = 10049.505399, Min Cost = 103415, Current MinCost = 106179, Current worstCost = 125368
Gen = 151,  Average Cost = 114632.650000, Average Fit = 11796.119168, Min Cost = 103415, Current MinCost = 105579, Current worstCost = 126528
Gen = 152,  Average Cost = 114300.787500, Average Fit = 7090.248875, Min Cost = 102735, Current MinCost = 102735, Current worstCost = 121439
Gen = 153,  Average Cost = 113758.800000, Average Fit = 8351.989059, Min Cost = 102735, Current MinCost = 102735, Current worstCost = 122166
Gen = 154,  Average Cost = 113887.350000, Average Fit = 9603.775963, Min Cost = 102735, Current MinCost = 104892, Current worstCost = 123545
Gen = 155,  Average Cost = 114134.437500, Average Fit = 9863.516287, Min Cost = 102735, Current MinCost = 104892, Current worstCost = 124059
Gen = 156,  Average Cost = 113739.200000, Average Fit = 10705.717208, Min Cost = 102735, Current MinCost = 104870, Current worstCost = 124501
Gen = 157,  Average Cost = 113486.875000, Average Fit = 14338.009866, Min Cost = 102735, Current MinCost = 103415, Current worstCost = 127902
Gen = 158,  Average Cost = 113380.500000, Average Fit = 7362.100177, Min Cost = 101961, Current MinCost = 101961, Current worstCost = 120792
Gen = 159,  Average Cost = 112227.200000, Average Fit = 10617.928583, Min Cost = 101961, Current MinCost = 104716, Current worstCost = 122872
Gen = 160,  Average Cost = 111112.037500, Average Fit = 12562.446137, Min Cost = 101961, Current MinCost = 101961, Current worstCost = 123715
Gen = 161,  Average Cost = 110968.862500, Average Fit = 9317.585573, Min Cost = 101961, Current MinCost = 102865, Current worstCost = 120302
Gen = 162,  Average Cost = 110699.662500, Average Fit = 7358.614385, Min Cost = 101961, Current MinCost = 101961, Current worstCost = 118061
Gen = 163,  Average Cost = 111184.950000, Average Fit = 8674.512834, Min Cost = 101961, Current MinCost = 103004, Current worstCost = 119875
Gen = 164,  Average Cost = 112005.825000, Average Fit = 9872.141710, Min Cost = 101961, Current MinCost = 101961, Current worstCost = 121929
Gen = 165,  Average Cost = 111941.750000, Average Fit = 9679.241610, Min Cost = 101961, Current MinCost = 103720, Current worstCost = 121652
Gen = 166,  Average Cost = 111728.262500, Average Fit = 8197.167268, Min Cost = 101961, Current MinCost = 102729, Current worstCost = 119951
Gen = 167,  Average Cost = 111506.175000, Average Fit = 7465.133223, Min Cost = 101961, Current MinCost = 101961, Current worstCost = 118990
Gen = 168,  Average Cost = 111979.962500, Average Fit = 8534.387848, Min Cost = 101961, Current MinCost = 102719, Current worstCost = 120548
Gen = 169,  Average Cost = 112433.925000, Average Fit = 8571.886611, Min Cost = 101961, Current MinCost = 103115, Current worstCost = 121046
Gen = 170,  Average Cost = 112444.900000, Average Fit = 7291.178452, Min Cost = 101961, Current MinCost = 105047, Current worstCost = 119751
Gen = 171,  Average Cost = 111813.225000, Average Fit = 6924.475723, Min Cost = 101919, Current MinCost = 101919, Current worstCost = 118756
Gen = 172,  Average Cost = 111945.787500, Average Fit = 8485.686765, Min Cost = 101919, Current MinCost = 103768, Current worstCost = 120456
Gen = 173,  Average Cost = 111851.187500, Average Fit = 10499.880214, Min Cost = 101919, Current MinCost = 103577, Current worstCost = 122385
Gen = 174,  Average Cost = 111430.775000, Average Fit = 9225.872427, Min Cost = 101919, Current MinCost = 102218, Current worstCost = 120689
Gen = 175,  Average Cost = 110875.575000, Average Fit = 7782.230474, Min Cost = 101919, Current MinCost = 102995, Current worstCost = 118661
Gen = 176,  Average Cost = 109918.025000, Average Fit = 11445.606508, Min Cost = 101919, Current MinCost = 102921, Current worstCost = 121350
Gen = 177,  Average Cost = 110155.237500, Average Fit = 8185.159506, Min Cost = 101919, Current MinCost = 102999, Current worstCost = 118330
Gen = 178,  Average Cost = 110999.137500, Average Fit = 8200.616261, Min Cost = 101919, Current MinCost = 103584, Current worstCost = 119203
Gen = 179,  Average Cost = 110896.087500, Average Fit = 8778.765793, Min Cost = 101919, Current MinCost = 102600, Current worstCost = 119689
Gen = 180,  Average Cost = 111237.075000, Average Fit = 7410.322657, Min Cost = 101444, Current MinCost = 101444, Current worstCost = 118792
Gen = 181,  Average Cost = 110623.100000, Average Fit = 9230.852379, Min Cost = 101444, Current MinCost = 102012, Current worstCost = 119998
Gen = 182,  Average Cost = 111511.437500, Average Fit = 11915.371483, Min Cost = 101444, Current MinCost = 103002, Current worstCost = 123589
Gen = 183,  Average Cost = 111752.187500, Average Fit = 9291.915209, Min Cost = 101444, Current MinCost = 102504, Current worstCost = 121209
Gen = 184,  Average Cost = 111942.562500, Average Fit = 10729.682870, Min Cost = 101444, Current MinCost = 105008, Current worstCost = 122812
Gen = 185,  Average Cost = 111616.825000, Average Fit = 10192.468162, Min Cost = 101444, Current MinCost = 103528, Current worstCost = 121964
Gen = 186,  Average Cost = 111424.025000, Average Fit = 12413.781083, Min Cost = 101444, Current MinCost = 105001, Current worstCost = 123949
Gen = 187,  Average Cost = 111455.650000, Average Fit = 8777.199044, Min Cost = 101444, Current MinCost = 105878, Current worstCost = 120343
Gen = 188,  Average Cost = 111354.637500, Average Fit = 9892.700061, Min Cost = 101444, Current MinCost = 104331, Current worstCost = 121382
Gen = 189,  Average Cost = 111529.162500, Average Fit = 10500.777136, Min Cost = 101444, Current MinCost = 104317, Current worstCost = 122170
Gen = 190,  Average Cost = 111993.937500, Average Fit = 9760.933811, Min Cost = 101444, Current MinCost = 104701, Current worstCost = 121902
Gen = 191,  Average Cost = 111638.012500, Average Fit = 9620.033997, Min Cost = 101444, Current MinCost = 104628, Current worstCost = 121396
Gen = 192,  Average Cost = 111697.975000, Average Fit = 10871.086549, Min Cost = 101444, Current MinCost = 102923, Current worstCost = 122736
Gen = 193,  Average Cost = 111506.950000, Average Fit = 8954.130605, Min Cost = 101444, Current MinCost = 102056, Current worstCost = 120622
Gen = 194,  Average Cost = 112392.287500, Average Fit = 9144.392048, Min Cost = 101444, Current MinCost = 104680, Current worstCost = 121693
Gen = 195,  Average Cost = 112288.437500, Average Fit = 8034.499523, Min Cost = 101444, Current MinCost = 105085, Current worstCost = 120467
Gen = 196,  Average Cost = 111731.725000, Average Fit = 7086.695115, Min Cost = 101444, Current MinCost = 102252, Current worstCost = 118964
Gen = 197,  Average Cost = 111388.587500, Average Fit = 8800.683240, Min Cost = 101444, Current MinCost = 102710, Current worstCost = 120341
Gen = 198,  Average Cost = 111164.775000, Average Fit = 10166.136169, Min Cost = 101444, Current MinCost = 103272, Current worstCost = 121477
Gen = 199,  Average Cost = 111658.050000, Average Fit = 10706.561583, Min Cost = 101444, Current MinCost = 104346, Current worstCost = 122508
Gen = 200,  Average Cost = 111603.312500, Average Fit = 10927.054008, Min Cost = 101444, Current MinCost = 104009, Current worstCost = 122678
End date/time is: Tue Mar 14 10:00:48 2017
        used time is 5268 s 351 ms.
